[2022-06-16T23:18:09.880Z] Log level: Info
[2022-06-16T23:18:09.881Z] [info] Validating found git in: git
[2022-06-16T23:18:09.888Z] [info] Using git 2.36.1 from git
[2022-06-16T23:18:09.898Z] > git rev-parse --show-toplevel [3ms]
[2022-06-16T23:18:09.905Z] > git rev-parse --git-dir --git-common-dir [1ms]
[2022-06-16T23:18:09.909Z] [info] Open repository: /home/tommy/Dev/gwordle
[2022-06-16T23:18:09.924Z] > git status -z -uall [10ms]
[2022-06-16T23:18:09.933Z] > git symbolic-ref --short HEAD [5ms]
[2022-06-16T23:18:09.938Z] > git for-each-ref --format=%(refname)%00%(upstream:short)%00%(objectname)%00%(upstream:track)%00%(upstream:remotename)%00%(upstream:remoteref) refs/heads/main refs/remotes/main [1ms]
[2022-06-16T23:18:09.947Z] > git remote --verbose [2ms]
[2022-06-16T23:18:09.947Z] > git for-each-ref --sort -committerdate --format %(refname) %(objectname) %(*objectname) [5ms]
[2022-06-16T23:18:09.954Z] > git config --get commit.template [1ms]
[2022-06-16T23:18:10.225Z] > git show --textconv :mix.exs [4ms]
[2022-06-16T23:18:10.226Z] > git ls-files --stage -- /home/tommy/Dev/gwordle/mix.exs [1ms]
[2022-06-16T23:18:10.231Z] > git cat-file -s bf9f911d86d2f561e245157e7ba7f43329479e78 [1ms]
[2022-06-16T23:18:10.423Z] > git check-ignore -v -z --stdin [0ms]
[2022-06-16T23:18:12.219Z] > git status -z -uall [2ms]
[2022-06-16T23:18:12.223Z] > git symbolic-ref --short HEAD [1ms]
[2022-06-16T23:18:12.226Z] > git for-each-ref --format=%(refname)%00%(upstream:short)%00%(objectname)%00%(upstream:track)%00%(upstream:remotename)%00%(upstream:remoteref) refs/heads/main refs/remotes/main [0ms]
[2022-06-16T23:18:12.232Z] > git for-each-ref --sort -committerdate --format %(refname) %(objectname) %(*objectname) [3ms]
[2022-06-16T23:18:12.232Z] > git remote --verbose [1ms]
[2022-06-16T23:18:12.237Z] > git config --get commit.template [1ms]
[2022-06-16T23:18:17.245Z] > git status -z -uall [3ms]
[2022-06-16T23:18:17.249Z] > git symbolic-ref --short HEAD [0ms]
[2022-06-16T23:18:17.254Z] > git for-each-ref --format=%(refname)%00%(upstream:short)%00%(objectname)%00%(upstream:track)%00%(upstream:remotename)%00%(upstream:remoteref) refs/heads/main refs/remotes/main [1ms]
[2022-06-16T23:18:17.261Z] > git for-each-ref --sort -committerdate --format %(refname) %(objectname) %(*objectname) [4ms]
[2022-06-16T23:18:17.261Z] > git remote --verbose [0ms]
[2022-06-16T23:18:17.267Z] > git config --get commit.template [1ms]
[2022-06-16T23:18:23.259Z] > git status -z -uall [3ms]
[2022-06-16T23:18:23.263Z] > git symbolic-ref --short HEAD [1ms]
[2022-06-16T23:18:23.268Z] > git for-each-ref --format=%(refname)%00%(upstream:short)%00%(objectname)%00%(upstream:track)%00%(upstream:remotename)%00%(upstream:remoteref) refs/heads/main refs/remotes/main [1ms]
[2022-06-16T23:18:23.274Z] > git for-each-ref --sort -committerdate --format %(refname) %(objectname) %(*objectname) [3ms]
[2022-06-16T23:18:23.274Z] > git remote --verbose [1ms]
[2022-06-16T23:18:23.279Z] > git config --get commit.template [0ms]
[2022-06-16T23:18:49.031Z] > git status -z -uall [4ms]
[2022-06-16T23:18:49.036Z] > git symbolic-ref --short HEAD [1ms]
[2022-06-16T23:18:49.039Z] > git for-each-ref --format=%(refname)%00%(upstream:short)%00%(objectname)%00%(upstream:track)%00%(upstream:remotename)%00%(upstream:remoteref) refs/heads/main refs/remotes/main [0ms]
[2022-06-16T23:18:49.045Z] > git for-each-ref --sort -committerdate --format %(refname) %(objectname) %(*objectname) [3ms]
[2022-06-16T23:18:49.046Z] > git remote --verbose [1ms]
[2022-06-16T23:18:49.050Z] > git config --get commit.template [0ms]
[2022-06-16T23:18:52.699Z] > git show --textconv :.vscode/launch.json [3ms]
[2022-06-16T23:18:52.700Z] > git ls-files --stage -- /home/tommy/Dev/gwordle/.vscode/launch.json [1ms]
[2022-06-16T23:19:34.821Z] > git status -z -uall [3ms]
[2022-06-16T23:19:34.825Z] > git symbolic-ref --short HEAD [1ms]
[2022-06-16T23:19:34.828Z] > git for-each-ref --format=%(refname)%00%(upstream:short)%00%(objectname)%00%(upstream:track)%00%(upstream:remotename)%00%(upstream:remoteref) refs/heads/main refs/remotes/main [0ms]
[2022-06-16T23:19:34.834Z] > git for-each-ref --sort -committerdate --format %(refname) %(objectname) %(*objectname) [3ms]
[2022-06-16T23:19:34.835Z] > git remote --verbose [2ms]
[2022-06-16T23:19:34.839Z] > git config --get commit.template [0ms]
[2022-06-16T23:19:39.851Z] > git status -z -uall [3ms]
[2022-06-16T23:19:39.854Z] > git symbolic-ref --short HEAD [1ms]
[2022-06-16T23:19:39.857Z] > git for-each-ref --format=%(refname)%00%(upstream:short)%00%(objectname)%00%(upstream:track)%00%(upstream:remotename)%00%(upstream:remoteref) refs/heads/main refs/remotes/main [1ms]
[2022-06-16T23:19:39.862Z] > git for-each-ref --sort -committerdate --format %(refname) %(objectname) %(*objectname) [3ms]
[2022-06-16T23:19:39.862Z] > git remote --verbose [1ms]
[2022-06-16T23:19:39.867Z] > git config --get commit.template [1ms]
[2022-06-16T23:20:24.078Z] > git status -z -uall [2ms]
[2022-06-16T23:20:24.082Z] > git symbolic-ref --short HEAD [0ms]
[2022-06-16T23:20:24.086Z] > git for-each-ref --format=%(refname)%00%(upstream:short)%00%(objectname)%00%(upstream:track)%00%(upstream:remotename)%00%(upstream:remoteref) refs/heads/main refs/remotes/main [1ms]
[2022-06-16T23:20:24.091Z] > git for-each-ref --sort -committerdate --format %(refname) %(objectname) %(*objectname) [3ms]
[2022-06-16T23:20:24.091Z] > git remote --verbose [0ms]
[2022-06-16T23:20:24.096Z] > git config --get commit.template [1ms]
