Started ElixirLS v0.8.2
Elixir version: "1.13.4 (compiled with Erlang/OTP 23)"
Erlang version: "25"
ElixirLS compiled with Elixir 1.10.4 and erlang 22
MIX_ENV: test
MIX_TARGET: 
[Info  - 4:15:17 PM] Compile took 805 milliseconds
[Info  - 4:15:17 PM] [ElixirLS Dialyzer] Checking for stale beam files
[Info  - 4:15:17 PM] [ElixirLS WorkspaceSymbols] Indexing...
[Info  - 4:15:17 PM] [ElixirLS WorkspaceSymbols] Module discovery complete
[Info  - 4:15:17 PM] [ElixirLS WorkspaceSymbols] 25 callbacks added to index
[Info  - 4:15:18 PM] [ElixirLS WorkspaceSymbols] 200 modules added to index
[Info  - 4:15:19 PM] [ElixirLS WorkspaceSymbols] 392 types added to index
[Info  - 4:15:19 PM] [ElixirLS WorkspaceSymbols] 4346 functions added to index
[Info  - 4:15:20 PM] [ElixirLS Dialyzer] Found 817 changed files in 2091 milliseconds
MIX_ENV: test
MIX_TARGET: 
Generated gwordle app
[Info  - 4:15:21 PM] Compile took 115 milliseconds
[Info  - 4:15:21 PM] [ElixirLS Dialyzer] Checking for stale beam files
[Info  - 4:15:21 PM] [ElixirLS WorkspaceSymbols] Updating index...
[Info  - 4:15:21 PM] [ElixirLS WorkspaceSymbols] 1 modules need reindexing
[Info  - 4:15:21 PM] [ElixirLS WorkspaceSymbols] 0 callbacks added to index
[Info  - 4:15:21 PM] [ElixirLS WorkspaceSymbols] 0 types added to index
[Info  - 4:15:21 PM] [ElixirLS WorkspaceSymbols] 1 modules added to index
[Info  - 4:15:21 PM] [ElixirLS WorkspaceSymbols] 5 functions added to index
[Info  - 4:15:23 PM] [ElixirLS Dialyzer] Found 817 changed files in 1773 milliseconds
[Info  - 4:15:31 PM] [ElixirLS Dialyzer] Analyzing 817 modules: [Ecto.CastError, Phoenix.LiveDashboard.OSMonPage, Ecto.Repo.Transaction, Ecto.UUID, String.Chars.Floki.Selector.Combinator, Gettext.Error, Phoenix.LiveView.Socket.AssignsNotInSocket, Ecto.Query.Builder.OrderBy, HPAX, Ecto.Query.Builder.Select, Plug.Exception.Ecto.StaleEntryError, GwordleWeb.LeagueLive.Index, Enumerable, Mix.Tasks.Phx.Gen.Channel, Phoenix.ConnTest, Finch, :gettext_po_parser, Mix.Tasks.Phx, Phoenix.HTML.Form, :cowboy_static, Swoosh.TestAssertions, Floki.HTMLTree, Phoenix.Controller.Pipeline, HPAX.Table, Ecto.Association, Ecto.Query.Builder.Update, Gwordle, Gettext.MissingBindingsError, Phoenix.Endpoint.Supervisor, Swoosh.Adapters.OhMySmtp, Phoenix.HTML.Safe.Phoenix.HTML.Form, Collectable.Ecto.Adapters.SQL.Stream, NimbleOptions.Docs, Phoenix.Ecto, Phoenix.LiveView.Upload, Mix.Phoenix.Context, Jason.Encoder.Atom, Swoosh, Plug.Exception.Ecto.CastError, Plug.Debugger, Gwordle.Accounts.UserToken, Ecto.NoResultsError, Plug.Telemetry, Jason.OrderedObject, Phoenix.LiveDashboard.HomePage, Inspect.Phoenix.LiveView.Socket, Comeonin.Argon2, Ecto.Queryable.BitString, Phoenix.HTML.Safe.BitString, Plug.Crypto.MessageEncryptor, ...]

16:15:31.441 [error] Process #PID<0.3757.0> raised an exception
** (ErlangError) Erlang error: {:badrecord, {:analysis, :undefined, :succ_typings, [], :undefined, ['/home/tommy/Dev/gwordle/.elixir_ls/build/_test/lib/ecto/ebin/Elixir.Ecto.CastError.beam', '/home/tommy/Dev/gwordle/.elixir_ls/build/_test/lib/phoenix_live_dashboard/ebin/Elixir.Phoenix.LiveDashboard.OSMonPage.beam', '/home/tommy/Dev/gwordle/.elixir_ls/build/_test/lib/ecto/ebin/Elixir.Ecto.Repo.Transaction.beam', '/home/tommy/Dev/gwordle/.elixir_ls/build/_test/lib/ecto/ebin/Elixir.Ecto.UUID.beam', '/home/tommy/Dev/gwordle/.elixir_ls/build/_test/lib/floki/ebin/Elixir.String.Chars.Floki.Selector.Combinator.beam', '/home/tommy/Dev/gwordle/.elixir_ls/build/_test/lib/gettext/ebin/Elixir.Gettext.Error.beam', '/home/tommy/Dev/gwordle/.elixir_ls/build/_test/lib/phoenix_live_view/ebin/Elixir.Phoenix.LiveView.Socket.AssignsNotInSocket.beam', '/home/tommy/Dev/gwordle/.elixir_ls/build/_test/lib/ecto/ebin/Elixir.Ecto.Query.Builder.OrderBy.beam', '/home/tommy/Dev/gwordle/.elixir_ls/build/_test/lib/hpax/ebin/Elixir.HPAX.beam', '/home/tommy/Dev/gwordle/.elixir_ls/build/_test/lib/ecto/ebin/Elixir.Ecto.Query.Builder.Select.beam', '/home/tommy/Dev/gwordle/.elixir_ls/build/_test/lib/phoenix_ecto/ebin/Elixir.Plug.Exception.Ecto.StaleEntryError.beam', '/home/tommy/Dev/gwordle/.elixir_ls/build/_test/lib/gwordle/ebin/Elixir.GwordleWeb.LeagueLive.Index.beam', '/home/tommy/Dev/gwordle/.elixir_ls/build/_test/lib/gwordle/consolidated/Elixir.Enumerable.beam', '/home/tommy/Dev/gwordle/.elixir_ls/build/_test/lib/phoenix/ebin/Elixir.Mix.Tasks.Phx.Gen.Channel.beam', '/home/tommy/Dev/gwordle/.elixir_ls/build/_test/lib/phoenix/ebin/Elixir.Phoenix.ConnTest.beam', '/home/tommy/Dev/gwordle/.elixir_ls/build/_test/lib/finch/ebin/Elixir.Finch.beam', '/home/tommy/Dev/gwordle/.elixir_ls/build/_test/lib/gettext/ebin/gettext_po_parser.beam', '/home/tommy/Dev/gwordle/.elixir_ls/build/_test/lib/phoenix/ebin/Elixir.Mix.Tasks.Phx.beam', '/home/tommy/Dev/gwordle/.elixir_ls/build/_test/lib/phoenix_html/ebin/Elixir.Phoenix.HTML.Form.beam', '/home/tommy/Dev/gwordle/.elixir_ls/build/_test/lib/cowboy/ebin/cowboy_static.beam', '/home/tommy/Dev/gwordle/.elixir_ls/build/_test/lib/swoosh/ebin/Elixir.Swoosh.TestAssertions.beam', '/home/tommy/Dev/gwordle/.elixir_ls/build/_test/lib/floki/ebin/Elixir.Floki.HTMLTree.beam', '/home/tommy/Dev/gwordle/.elixir_ls/build/_test/lib/phoenix/ebin/Elixir.Phoenix.Controller.Pipeline.beam', '/home/tommy/Dev/gwordle/.elixir_ls/build/_test/lib/hpax/ebin/Elixir.HPAX.Table.beam', '/home/tommy/Dev/gwordle/.elixir_ls/build/_test/lib/ecto/ebin/Elixir.Ecto.Association.beam', '/home/tommy/Dev/gwordle/.elixir_ls/build/_test/lib/ecto/ebin/Elixir.Ecto.Query.Builder.Update.beam', '/home/tommy/Dev/gwordle/.elixir_ls/build/_test/lib/gwordle/ebin/Elixir.Gwordle.beam', '/home/tommy/Dev/gwordle/.elixir_ls/build/_test/lib/gettext/ebin/Elixir.Gettext.MissingBindingsError.beam', '/home/tommy/Dev/gwordle/.elixir_ls/build/_test/lib/phoenix/ebin/Elixir.Phoenix.Endpoint.Supervisor.beam', '/home/tommy/Dev/gwordle/.elixir_ls/build/_test/lib/swoosh/ebin/Elixir.Swoosh.Adapters.OhMySmtp.beam', '/home/tommy/Dev/gwordle/.elixir_ls/build/_test/lib/phoenix_html/ebin/Elixir.Phoenix.HTML.Safe.Phoenix.HTML.Form.beam', '/home/tommy/Dev/gwordle/.elixir_ls/build/_test/lib/ecto_sql/ebin/Elixir.Collectable.Ecto.Adapters.SQL.Stream.beam', '/home/tommy/Dev/gwordle/.elixir_ls/build/_test/lib/nimble_options/ebin/Elixir.NimbleOptions.Docs.beam', '/home/tommy/Dev/gwordle/.elixir_ls/build/_test/lib/phoenix_ecto/ebin/Elixir.Phoenix.Ecto.beam', '/home/tommy/Dev/gwordle/.elixir_ls/build/_test/lib/phoenix_live_view/ebin/Elixir.Phoenix.LiveView.Upload.beam', '/home/tommy/Dev/gwordle/.elixir_ls/build/_test/lib/phoenix/ebin/Elixir.Mix.Phoenix.Context.beam', '/home/tommy/Dev/gwordle/.elixir_ls/build/_test/lib/jason/ebin/Elixir.Jason.Encoder.Atom.beam', '/home/tommy/Dev/gwordle/.elixir_ls/build/_test/lib/swoosh/ebin/Elixir.Swoosh.beam', '/home/tommy/Dev/gwordle/.elixir_ls/build/_test/lib/phoenix_ecto/ebin/Elixir.Plug.Exception.Ecto.CastError.beam', '/home/tommy/Dev/gwordle/.elixir_ls/build/_test/lib/plug/ebin/Elixir.Plug.Debugger.beam', '/home/tommy/Dev/gwordle/.elixir_ls/build/_test/lib/gwordle/ebin/Elixir.Gwordle.Accounts.UserToken.beam', '/home/tommy/Dev/gwordle/.elixir_ls/build/_test/lib/ecto/ebin/Elixir.Ecto.NoResultsError.beam', ...], [], :byte_code, {:plt, #Reference<0.2612939024.3535142917.190254>, #Reference<0.2612939024.3535142917.190256>, #Reference<0.2612939024.3535142917.190255>, #Reference<0.2612939024.3535142917.190257>, #Reference<0.2612939024.3535142917.190258>}, true, false, false, false, :none, [], []}}
    dialyzer_analysis_callgraph.erl:70: :dialyzer_analysis_callgraph.start/3
