[2022-06-16T23:13:39.080Z] Log level: Info
[2022-06-16T23:13:39.081Z] [info] Validating found git in: git
[2022-06-16T23:13:39.088Z] [info] Using git 2.36.1 from git
[2022-06-16T23:13:39.096Z] > git rev-parse --show-toplevel [2ms]
[2022-06-16T23:13:39.104Z] > git rev-parse --git-dir --git-common-dir [3ms]
[2022-06-16T23:13:39.108Z] [info] Open repository: /home/tommy/Dev/gwordle
[2022-06-16T23:13:39.115Z] > git status -z -uall [3ms]
[2022-06-16T23:13:39.119Z] > git symbolic-ref --short HEAD [1ms]
[2022-06-16T23:13:39.124Z] > git for-each-ref --format=%(refname)%00%(upstream:short)%00%(objectname)%00%(upstream:track)%00%(upstream:remotename)%00%(upstream:remoteref) refs/heads/main refs/remotes/main [2ms]
[2022-06-16T23:13:39.130Z] > git remote --verbose [1ms]
[2022-06-16T23:13:39.131Z] > git for-each-ref --sort -committerdate --format %(refname) %(objectname) %(*objectname) [4ms]
[2022-06-16T23:13:39.136Z] > git config --get commit.template [0ms]
[2022-06-16T23:13:39.641Z] > git check-ignore -v -z --stdin [4ms]
[2022-06-16T23:13:40.974Z] > git check-ignore -v -z --stdin [1ms]
[2022-06-16T23:13:42.779Z] > git check-ignore -v -z --stdin [1ms]
[2022-06-16T23:13:43.442Z] > git show --textconv :.vscode/launch.json [4ms]
[2022-06-16T23:13:43.443Z] > git ls-files --stage -- /home/tommy/Dev/gwordle/.vscode/launch.json [2ms]
[2022-06-16T23:13:45.444Z] > git status -z -uall [3ms]
[2022-06-16T23:13:45.447Z] > git symbolic-ref --short HEAD [0ms]
[2022-06-16T23:13:45.451Z] > git for-each-ref --format=%(refname)%00%(upstream:short)%00%(objectname)%00%(upstream:track)%00%(upstream:remotename)%00%(upstream:remoteref) refs/heads/main refs/remotes/main [1ms]
[2022-06-16T23:13:45.456Z] > git for-each-ref --sort -committerdate --format %(refname) %(objectname) %(*objectname) [3ms]
[2022-06-16T23:13:45.457Z] > git remote --verbose [1ms]
[2022-06-16T23:13:45.462Z] > git config --get commit.template [1ms]
[2022-06-16T23:13:54.400Z] > git show --textconv :.formatter.exs [4ms]
[2022-06-16T23:13:54.401Z] > git ls-files --stage -- /home/tommy/Dev/gwordle/.formatter.exs [1ms]
[2022-06-16T23:13:54.405Z] > git cat-file -s 8a6391c6a6ba292e1cd6cd9478892887132e782d [1ms]
[2022-06-16T23:13:55.884Z] > git check-ignore -v -z --stdin [1ms]
[2022-06-16T23:13:57.692Z] > git status -z -uall [2ms]
[2022-06-16T23:13:57.696Z] > git symbolic-ref --short HEAD [0ms]
[2022-06-16T23:13:57.701Z] > git for-each-ref --format=%(refname)%00%(upstream:short)%00%(objectname)%00%(upstream:track)%00%(upstream:remotename)%00%(upstream:remoteref) refs/heads/main refs/remotes/main [1ms]
[2022-06-16T23:13:57.708Z] > git for-each-ref --sort -committerdate --format %(refname) %(objectname) %(*objectname) [4ms]
[2022-06-16T23:13:57.708Z] > git remote --verbose [1ms]
[2022-06-16T23:13:57.713Z] > git config --get commit.template [0ms]
[2022-06-16T23:14:02.724Z] > git status -z -uall [4ms]
[2022-06-16T23:14:02.731Z] > git symbolic-ref --short HEAD [1ms]
[2022-06-16T23:14:02.738Z] > git for-each-ref --format=%(refname)%00%(upstream:short)%00%(objectname)%00%(upstream:track)%00%(upstream:remotename)%00%(upstream:remoteref) refs/heads/main refs/remotes/main [1ms]
[2022-06-16T23:14:02.752Z] > git for-each-ref --sort -committerdate --format %(refname) %(objectname) %(*objectname) [8ms]
[2022-06-16T23:14:02.752Z] > git remote --verbose [1ms]
[2022-06-16T23:14:02.763Z] > git config --get commit.template [3ms]
[2022-06-16T23:14:07.778Z] > git status -z -uall [5ms]
[2022-06-16T23:14:07.788Z] > git symbolic-ref --short HEAD [3ms]
[2022-06-16T23:14:07.798Z] > git for-each-ref --format=%(refname)%00%(upstream:short)%00%(objectname)%00%(upstream:track)%00%(upstream:remotename)%00%(upstream:remoteref) refs/heads/main refs/remotes/main [3ms]
[2022-06-16T23:14:07.815Z] > git for-each-ref --sort -committerdate --format %(refname) %(objectname) %(*objectname) [10ms]
[2022-06-16T23:14:07.818Z] > git remote --verbose [4ms]
[2022-06-16T23:14:07.838Z] > git config --get commit.template [3ms]
[2022-06-16T23:14:12.845Z] > git status -z -uall [3ms]
[2022-06-16T23:14:12.849Z] > git symbolic-ref --short HEAD [1ms]
[2022-06-16T23:14:12.853Z] > git for-each-ref --format=%(refname)%00%(upstream:short)%00%(objectname)%00%(upstream:track)%00%(upstream:remotename)%00%(upstream:remoteref) refs/heads/main refs/remotes/main [1ms]
[2022-06-16T23:14:12.862Z] > git for-each-ref --sort -committerdate --format %(refname) %(objectname) %(*objectname) [5ms]
[2022-06-16T23:14:12.862Z] > git remote --verbose [1ms]
[2022-06-16T23:14:12.870Z] > git config --get commit.template [0ms]
[2022-06-16T23:14:17.877Z] > git status -z -uall [3ms]
[2022-06-16T23:14:17.880Z] > git symbolic-ref --short HEAD [0ms]
[2022-06-16T23:14:17.884Z] > git for-each-ref --format=%(refname)%00%(upstream:short)%00%(objectname)%00%(upstream:track)%00%(upstream:remotename)%00%(upstream:remoteref) refs/heads/main refs/remotes/main [1ms]
[2022-06-16T23:14:17.890Z] > git for-each-ref --sort -committerdate --format %(refname) %(objectname) %(*objectname) [3ms]
[2022-06-16T23:14:17.890Z] > git remote --verbose [1ms]
[2022-06-16T23:14:17.895Z] > git config --get commit.template [1ms]
[2022-06-16T23:14:26.828Z] > git status -z -uall [3ms]
[2022-06-16T23:14:26.832Z] > git symbolic-ref --short HEAD [1ms]
[2022-06-16T23:14:26.836Z] > git for-each-ref --format=%(refname)%00%(upstream:short)%00%(objectname)%00%(upstream:track)%00%(upstream:remotename)%00%(upstream:remoteref) refs/heads/main refs/remotes/main [1ms]
[2022-06-16T23:14:26.846Z] > git for-each-ref --sort -committerdate --format %(refname) %(objectname) %(*objectname) [5ms]
[2022-06-16T23:14:26.846Z] > git remote --verbose [1ms]
[2022-06-16T23:14:26.851Z] > git config --get commit.template [0ms]
[2022-06-16T23:14:56.539Z] > git status -z -uall [4ms]
[2022-06-16T23:14:56.544Z] > git symbolic-ref --short HEAD [1ms]
[2022-06-16T23:14:56.550Z] > git for-each-ref --format=%(refname)%00%(upstream:short)%00%(objectname)%00%(upstream:track)%00%(upstream:remotename)%00%(upstream:remoteref) refs/heads/main refs/remotes/main [1ms]
[2022-06-16T23:14:56.559Z] > git for-each-ref --sort -committerdate --format %(refname) %(objectname) %(*objectname) [4ms]
[2022-06-16T23:14:56.559Z] > git remote --verbose [1ms]
[2022-06-16T23:14:56.565Z] > git config --get commit.template [1ms]
